<?xml version="1.0" encoding="UTF-8"?>
<!-- Generated by org.testng.reporters.JUnitXMLReporter -->
<testsuite ignored="0" hostname="LAPTOP-H45CF76B" failures="0" tests="5" name="Default test" time="0.112" errors="0" timestamp="2022-08-16T03:32:43 EDT">
  <testcase classname="com.testNg.testNgAnnotations" name="testCase1" time="0.007"/>
  <testcase classname="com.testNg.testNgAnnotations" name="testCase2" time="0.003"/>
  <testcase classname="com.testNg.testNgAnnotations" name="testCase3" time="0.003"/>
  <testcase classname="com.testNg.testNgAnnotations" name="testCase4" time="0.002"/>
  <testcase classname="com.testNg.testNgAnnotations" name="testCase5" time="0.003"/>
</testsuite> <!-- Default test -->
