<?xml version="1.0" encoding="UTF-8"?>
<testng-results ignored="0" total="5" passed="5" failed="0" skipped="0">
  <reporter-output>
  </reporter-output>
  <suite started-at="2022-08-16T03:32:43 EDT" name="Default suite" finished-at="2022-08-16T03:32:43 EDT" duration-ms="112">
    <groups>
    </groups>
    <test started-at="2022-08-16T03:32:43 EDT" name="Default test" finished-at="2022-08-16T03:32:43 EDT" duration-ms="112">
      <class name="com.testNg.testNgAnnotations">
        <test-method is-config="true" signature="beforeSuite()[pri:0, instance:com.testNg.testNgAnnotations@6af93788]" started-at="2022-08-16T03:32:43 EDT" name="beforeSuite" finished-at="2022-08-16T03:32:43 EDT" duration-ms="9" status="PASS">
          <reporter-output>
          </reporter-output>
        </test-method> <!-- beforeSuite -->
        <test-method is-config="true" signature="beforeTest()[pri:0, instance:com.testNg.testNgAnnotations@6af93788]" started-at="2022-08-16T03:32:43 EDT" name="beforeTest" finished-at="2022-08-16T03:32:43 EDT" duration-ms="3" status="PASS">
          <reporter-output>
          </reporter-output>
        </test-method> <!-- beforeTest -->
        <test-method is-config="true" signature="beforeClass()[pri:0, instance:com.testNg.testNgAnnotations@6af93788]" started-at="2022-08-16T03:32:43 EDT" name="beforeClass" finished-at="2022-08-16T03:32:43 EDT" duration-ms="0" status="PASS">
          <reporter-output>
          </reporter-output>
        </test-method> <!-- beforeClass -->
        <test-method is-config="true" signature="beforeMethod()[pri:0, instance:com.testNg.testNgAnnotations@6af93788]" started-at="2022-08-16T03:32:43 EDT" name="beforeMethod" finished-at="2022-08-16T03:32:43 EDT" duration-ms="0" status="PASS">
          <reporter-output>
          </reporter-output>
        </test-method> <!-- beforeMethod -->
        <test-method signature="testCase1()[pri:0, instance:com.testNg.testNgAnnotations@6af93788]" started-at="2022-08-16T03:32:43 EDT" name="testCase1" finished-at="2022-08-16T03:32:43 EDT" duration-ms="7" status="PASS">
          <reporter-output>
          </reporter-output>
        </test-method> <!-- testCase1 -->
        <test-method is-config="true" signature="afterMethod()[pri:0, instance:com.testNg.testNgAnnotations@6af93788]" started-at="2022-08-16T03:32:43 EDT" name="afterMethod" finished-at="2022-08-16T03:32:43 EDT" duration-ms="3" status="PASS">
          <reporter-output>
          </reporter-output>
        </test-method> <!-- afterMethod -->
        <test-method is-config="true" signature="beforeMethod()[pri:0, instance:com.testNg.testNgAnnotations@6af93788]" started-at="2022-08-16T03:32:43 EDT" name="beforeMethod" finished-at="2022-08-16T03:32:43 EDT" duration-ms="1" status="PASS">
          <reporter-output>
          </reporter-output>
        </test-method> <!-- beforeMethod -->
        <test-method signature="testCase2()[pri:0, instance:com.testNg.testNgAnnotations@6af93788]" started-at="2022-08-16T03:32:43 EDT" name="testCase2" finished-at="2022-08-16T03:32:43 EDT" duration-ms="3" status="PASS">
          <reporter-output>
          </reporter-output>
        </test-method> <!-- testCase2 -->
        <test-method is-config="true" signature="afterMethod()[pri:0, instance:com.testNg.testNgAnnotations@6af93788]" started-at="2022-08-16T03:32:43 EDT" name="afterMethod" finished-at="2022-08-16T03:32:43 EDT" duration-ms="2" status="PASS">
          <reporter-output>
          </reporter-output>
        </test-method> <!-- afterMethod -->
        <test-method signature="testCase3()[pri:0, instance:com.testNg.testNgAnnotations@6af93788]" started-at="2022-08-16T03:32:43 EDT" name="testCase3" finished-at="2022-08-16T03:32:43 EDT" duration-ms="3" status="PASS">
          <reporter-output>
          </reporter-output>
        </test-method> <!-- testCase3 -->
        <test-method is-config="true" signature="beforeMethod()[pri:0, instance:com.testNg.testNgAnnotations@6af93788]" started-at="2022-08-16T03:32:43 EDT" name="beforeMethod" finished-at="2022-08-16T03:32:43 EDT" duration-ms="0" status="PASS">
          <reporter-output>
          </reporter-output>
        </test-method> <!-- beforeMethod -->
        <test-method is-config="true" signature="afterMethod()[pri:0, instance:com.testNg.testNgAnnotations@6af93788]" started-at="2022-08-16T03:32:43 EDT" name="afterMethod" finished-at="2022-08-16T03:32:43 EDT" duration-ms="1" status="PASS">
          <reporter-output>
          </reporter-output>
        </test-method> <!-- afterMethod -->
        <test-method signature="testCase4()[pri:0, instance:com.testNg.testNgAnnotations@6af93788]" started-at="2022-08-16T03:32:43 EDT" name="testCase4" finished-at="2022-08-16T03:32:43 EDT" duration-ms="2" status="PASS">
          <reporter-output>
          </reporter-output>
        </test-method> <!-- testCase4 -->
        <test-method is-config="true" signature="beforeMethod()[pri:0, instance:com.testNg.testNgAnnotations@6af93788]" started-at="2022-08-16T03:32:43 EDT" name="beforeMethod" finished-at="2022-08-16T03:32:43 EDT" duration-ms="0" status="PASS">
          <reporter-output>
          </reporter-output>
        </test-method> <!-- beforeMethod -->
        <test-method is-config="true" signature="afterMethod()[pri:0, instance:com.testNg.testNgAnnotations@6af93788]" started-at="2022-08-16T03:32:43 EDT" name="afterMethod" finished-at="2022-08-16T03:32:43 EDT" duration-ms="0" status="PASS">
          <reporter-output>
          </reporter-output>
        </test-method> <!-- afterMethod -->
        <test-method signature="testCase5()[pri:0, instance:com.testNg.testNgAnnotations@6af93788]" started-at="2022-08-16T03:32:43 EDT" name="testCase5" finished-at="2022-08-16T03:32:43 EDT" duration-ms="3" status="PASS">
          <reporter-output>
          </reporter-output>
        </test-method> <!-- testCase5 -->
        <test-method is-config="true" signature="beforeMethod()[pri:0, instance:com.testNg.testNgAnnotations@6af93788]" started-at="2022-08-16T03:32:43 EDT" name="beforeMethod" finished-at="2022-08-16T03:32:43 EDT" duration-ms="0" status="PASS">
          <reporter-output>
          </reporter-output>
        </test-method> <!-- beforeMethod -->
        <test-method is-config="true" signature="afterMethod()[pri:0, instance:com.testNg.testNgAnnotations@6af93788]" started-at="2022-08-16T03:32:43 EDT" name="afterMethod" finished-at="2022-08-16T03:32:43 EDT" duration-ms="1" status="PASS">
          <reporter-output>
          </reporter-output>
        </test-method> <!-- afterMethod -->
        <test-method is-config="true" signature="afterClass()[pri:0, instance:com.testNg.testNgAnnotations@6af93788]" started-at="2022-08-16T03:32:43 EDT" name="afterClass" finished-at="2022-08-16T03:32:43 EDT" duration-ms="0" status="PASS">
          <reporter-output>
          </reporter-output>
        </test-method> <!-- afterClass -->
        <test-method is-config="true" signature="afterTest()[pri:0, instance:com.testNg.testNgAnnotations@6af93788]" started-at="2022-08-16T03:32:43 EDT" name="afterTest" finished-at="2022-08-16T03:32:43 EDT" duration-ms="1" status="PASS">
          <reporter-output>
          </reporter-output>
        </test-method> <!-- afterTest -->
        <test-method is-config="true" signature="afterSuite()[pri:0, instance:com.testNg.testNgAnnotations@6af93788]" started-at="2022-08-16T03:32:43 EDT" name="afterSuite" finished-at="2022-08-16T03:32:43 EDT" duration-ms="0" status="PASS">
          <reporter-output>
          </reporter-output>
        </test-method> <!-- afterSuite -->
      </class> <!-- com.testNg.testNgAnnotations -->
    </test> <!-- Default test -->
  </suite> <!-- Default suite -->
</testng-results>
